Visual Studio Code (1.65.2, undefined, desktop)
Jupyter Extension Version: 2022.2.1030672458.
Python Extension Version: 2022.2.1924087327.
Info 14:07:16: ZMQ install verified.
Error 14:07:17: Jupyter Extension (Error in Failed to update settings.json, method:fixSettingsFile): [EntryNotFound (FileSystemError): Unable to read file '/home/gabriel/.config/Code/User/settings.json' (Error: Unable to resolve nonexistent file '/home/gabriel/.config/Code/User/settings.json')
	at Function._handleError (/opt/visual-studio-code/resources/app/out/vs/workbench/api/node/extensionHostProcess.js:85:83787)
	at Object.readFile (/opt/visual-studio-code/resources/app/out/vs/workbench/api/node/extensionHostProcess.js:85:82701)
	at processTicksAndRejections (internal/process/task_queues.js:93:5)
	at async m.readFile (/home/gabriel/.vscode/extensions/ms-toolsai.jupyter-2022.2.1030672458/out/client/extension.js:2:116033)
	at async g.fixSettingsFile (/home/gabriel/.vscode/extensions/ms-toolsai.jupyter-2022.2.1030672458/out/client/extension.js:2:4943)
	at async Promise.all (index 0)
	at async g.updateSettings (/home/gabriel/.vscode/extensions/ms-toolsai.jupyter-2022.2.1030672458/out/client/extension.js:2:6705)] {
  code: 'FileNotFound'
}
Info 14:07:17: Experiment status for python is {"enabled":true,"optInto":[],"optOutFrom":[]}
Info 14:07:17: Getting activation commands for /bin/python are not cached. May take a while.
Info 14:07:17: Process Execution: > /bin/python -m pip list
> /bin/python -m pip list
Info 14:15:56: Shutting down notebooks for 898633b6-8e3b-4de1-bef6-6a00fb51b7ed
Info 14:15:56: Disposing HostJupyterExecution 1c82f308-1dbe-42f3-bc0a-c745a5ca1904
Info 14:15:56: Disposing super HostJupyterExecution 1c82f308-1dbe-42f3-bc0a-c745a5ca1904
Info 14:15:56: Disposing HostJupyterExecution 1c82f308-1dbe-42f3-bc0a-c745a5ca1904
Info 14:15:56: Finished disposing HostJupyterExecution  1c82f308-1dbe-42f3-bc0a-c745a5ca1904
Info 14:15:56: Cleaning up server cache 1c82f308-1dbe-42f3-bc0a-c745a5ca1904
Info 14:15:56: Finished disposing HostJupyterExecution  1c82f308-1dbe-42f3-bc0a-c745a5ca1904
